Determining if the pthread_create exist failed with the following output:
Change Dir: /home/danicron/Documents/Code/openc2e/CMakeFiles/CMakeTmp

Run Build Command:"/usr/bin/make" "cmTC_17457/fast"
/usr/bin/make -f CMakeFiles/cmTC_17457.dir/build.make CMakeFiles/cmTC_17457.dir/build
make[1]: Entering directory '/home/danicron/Documents/Code/openc2e/CMakeFiles/CMakeTmp'
Building C object CMakeFiles/cmTC_17457.dir/CheckSymbolExists.c.o
/usr/bin/cc    -o CMakeFiles/cmTC_17457.dir/CheckSymbolExists.c.o   -c /home/danicron/Documents/Code/openc2e/CMakeFiles/CMakeTmp/CheckSymbolExists.c
Linking C executable cmTC_17457
/usr/bin/cmake -E cmake_link_script CMakeFiles/cmTC_17457.dir/link.txt --verbose=1
/usr/bin/cc      -rdynamic CMakeFiles/cmTC_17457.dir/CheckSymbolExists.c.o  -o cmTC_17457 
CMakeFiles/cmTC_17457.dir/CheckSymbolExists.c.o: In function `main':
CheckSymbolExists.c:(.text+0x1b): undefined reference to `pthread_create'
collect2: error: ld returned 1 exit status
CMakeFiles/cmTC_17457.dir/build.make:97: recipe for target 'cmTC_17457' failed
make[1]: *** [cmTC_17457] Error 1
make[1]: Leaving directory '/home/danicron/Documents/Code/openc2e/CMakeFiles/CMakeTmp'
Makefile:126: recipe for target 'cmTC_17457/fast' failed
make: *** [cmTC_17457/fast] Error 2

File /home/danicron/Documents/Code/openc2e/CMakeFiles/CMakeTmp/CheckSymbolExists.c:
/* */
#include <pthread.h>

int main(int argc, char** argv)
{
  (void)argv;
#ifndef pthread_create
  return ((int*)(&pthread_create))[argc];
#else
  (void)argc;
  return 0;
#endif
}

Determining if the function pthread_create exists in the pthreads failed with the following output:
Change Dir: /home/danicron/Documents/Code/openc2e/CMakeFiles/CMakeTmp

Run Build Command:"/usr/bin/make" "cmTC_b3ae3/fast"
/usr/bin/make -f CMakeFiles/cmTC_b3ae3.dir/build.make CMakeFiles/cmTC_b3ae3.dir/build
make[1]: Entering directory '/home/danicron/Documents/Code/openc2e/CMakeFiles/CMakeTmp'
Building C object CMakeFiles/cmTC_b3ae3.dir/CheckFunctionExists.c.o
/usr/bin/cc   -DCHECK_FUNCTION_EXISTS=pthread_create   -o CMakeFiles/cmTC_b3ae3.dir/CheckFunctionExists.c.o   -c /usr/share/cmake-3.10/Modules/CheckFunctionExists.c
Linking C executable cmTC_b3ae3
/usr/bin/cmake -E cmake_link_script CMakeFiles/cmTC_b3ae3.dir/link.txt --verbose=1
/usr/bin/cc  -DCHECK_FUNCTION_EXISTS=pthread_create    -rdynamic CMakeFiles/cmTC_b3ae3.dir/CheckFunctionExists.c.o  -o cmTC_b3ae3 -lpthreads 
/usr/bin/ld: cannot find -lpthreads
collect2: error: ld returned 1 exit status
CMakeFiles/cmTC_b3ae3.dir/build.make:97: recipe for target 'cmTC_b3ae3' failed
make[1]: *** [cmTC_b3ae3] Error 1
make[1]: Leaving directory '/home/danicron/Documents/Code/openc2e/CMakeFiles/CMakeTmp'
Makefile:126: recipe for target 'cmTC_b3ae3/fast' failed
make: *** [cmTC_b3ae3/fast] Error 2


Determining if the Q_WS_WIN exist failed with the following output:
Change Dir: /home/danicron/Documents/Code/openc2e/CMakeFiles/CMakeTmp

Run Build Command:"/usr/bin/make" "cmTC_7fa33/fast"
/usr/bin/make -f CMakeFiles/cmTC_7fa33.dir/build.make CMakeFiles/cmTC_7fa33.dir/build
make[1]: Entering directory '/home/danicron/Documents/Code/openc2e/CMakeFiles/CMakeTmp'
Building CXX object CMakeFiles/cmTC_7fa33.dir/CheckSymbolExists.cxx.o
/usr/bin/c++   -I/usr/include/qt4   -o CMakeFiles/cmTC_7fa33.dir/CheckSymbolExists.cxx.o -c /home/danicron/Documents/Code/openc2e/CMakeFiles/CMakeTmp/CheckSymbolExists.cxx
/home/danicron/Documents/Code/openc2e/CMakeFiles/CMakeTmp/CheckSymbolExists.cxx: In function ‘int main(int, char**)’:
/home/danicron/Documents/Code/openc2e/CMakeFiles/CMakeTmp/CheckSymbolExists.cxx:8:19: error: ‘Q_WS_WIN’ was not declared in this scope
   return ((int*)(&Q_WS_WIN))[argc];
                   ^~~~~~~~
/home/danicron/Documents/Code/openc2e/CMakeFiles/CMakeTmp/CheckSymbolExists.cxx:8:19: note: suggested alternative: ‘Q_WS_X11’
   return ((int*)(&Q_WS_WIN))[argc];
                   ^~~~~~~~
                   Q_WS_X11
CMakeFiles/cmTC_7fa33.dir/build.make:65: recipe for target 'CMakeFiles/cmTC_7fa33.dir/CheckSymbolExists.cxx.o' failed
make[1]: *** [CMakeFiles/cmTC_7fa33.dir/CheckSymbolExists.cxx.o] Error 1
make[1]: Leaving directory '/home/danicron/Documents/Code/openc2e/CMakeFiles/CMakeTmp'
Makefile:126: recipe for target 'cmTC_7fa33/fast' failed
make: *** [cmTC_7fa33/fast] Error 2

File /home/danicron/Documents/Code/openc2e/CMakeFiles/CMakeTmp/CheckSymbolExists.cxx:
/* */
#include <QtCore/qglobal.h>

int main(int argc, char** argv)
{
  (void)argv;
#ifndef Q_WS_WIN
  return ((int*)(&Q_WS_WIN))[argc];
#else
  (void)argc;
  return 0;
#endif
}

Determining if the Q_WS_QWS exist failed with the following output:
Change Dir: /home/danicron/Documents/Code/openc2e/CMakeFiles/CMakeTmp

Run Build Command:"/usr/bin/make" "cmTC_3d20f/fast"
/usr/bin/make -f CMakeFiles/cmTC_3d20f.dir/build.make CMakeFiles/cmTC_3d20f.dir/build
make[1]: Entering directory '/home/danicron/Documents/Code/openc2e/CMakeFiles/CMakeTmp'
Building CXX object CMakeFiles/cmTC_3d20f.dir/CheckSymbolExists.cxx.o
/usr/bin/c++   -I/usr/include/qt4   -o CMakeFiles/cmTC_3d20f.dir/CheckSymbolExists.cxx.o -c /home/danicron/Documents/Code/openc2e/CMakeFiles/CMakeTmp/CheckSymbolExists.cxx
/home/danicron/Documents/Code/openc2e/CMakeFiles/CMakeTmp/CheckSymbolExists.cxx: In function ‘int main(int, char**)’:
/home/danicron/Documents/Code/openc2e/CMakeFiles/CMakeTmp/CheckSymbolExists.cxx:8:19: error: ‘Q_WS_QWS’ was not declared in this scope
   return ((int*)(&Q_WS_QWS))[argc];
                   ^~~~~~~~
/home/danicron/Documents/Code/openc2e/CMakeFiles/CMakeTmp/CheckSymbolExists.cxx:8:19: note: suggested alternative: ‘Q_WS_X11’
   return ((int*)(&Q_WS_QWS))[argc];
                   ^~~~~~~~
                   Q_WS_X11
CMakeFiles/cmTC_3d20f.dir/build.make:65: recipe for target 'CMakeFiles/cmTC_3d20f.dir/CheckSymbolExists.cxx.o' failed
make[1]: *** [CMakeFiles/cmTC_3d20f.dir/CheckSymbolExists.cxx.o] Error 1
make[1]: Leaving directory '/home/danicron/Documents/Code/openc2e/CMakeFiles/CMakeTmp'
Makefile:126: recipe for target 'cmTC_3d20f/fast' failed
make: *** [cmTC_3d20f/fast] Error 2

File /home/danicron/Documents/Code/openc2e/CMakeFiles/CMakeTmp/CheckSymbolExists.cxx:
/* */
#include <QtCore/qglobal.h>

int main(int argc, char** argv)
{
  (void)argv;
#ifndef Q_WS_QWS
  return ((int*)(&Q_WS_QWS))[argc];
#else
  (void)argc;
  return 0;
#endif
}

Determining if the Q_WS_MAC exist failed with the following output:
Change Dir: /home/danicron/Documents/Code/openc2e/CMakeFiles/CMakeTmp

Run Build Command:"/usr/bin/make" "cmTC_dec22/fast"
/usr/bin/make -f CMakeFiles/cmTC_dec22.dir/build.make CMakeFiles/cmTC_dec22.dir/build
make[1]: Entering directory '/home/danicron/Documents/Code/openc2e/CMakeFiles/CMakeTmp'
Building CXX object CMakeFiles/cmTC_dec22.dir/CheckSymbolExists.cxx.o
/usr/bin/c++   -I/usr/include/qt4   -o CMakeFiles/cmTC_dec22.dir/CheckSymbolExists.cxx.o -c /home/danicron/Documents/Code/openc2e/CMakeFiles/CMakeTmp/CheckSymbolExists.cxx
/home/danicron/Documents/Code/openc2e/CMakeFiles/CMakeTmp/CheckSymbolExists.cxx: In function ‘int main(int, char**)’:
/home/danicron/Documents/Code/openc2e/CMakeFiles/CMakeTmp/CheckSymbolExists.cxx:8:19: error: ‘Q_WS_MAC’ was not declared in this scope
   return ((int*)(&Q_WS_MAC))[argc];
                   ^~~~~~~~
/home/danicron/Documents/Code/openc2e/CMakeFiles/CMakeTmp/CheckSymbolExists.cxx:8:19: note: suggested alternative: ‘Q_WS_X11’
   return ((int*)(&Q_WS_MAC))[argc];
                   ^~~~~~~~
                   Q_WS_X11
CMakeFiles/cmTC_dec22.dir/build.make:65: recipe for target 'CMakeFiles/cmTC_dec22.dir/CheckSymbolExists.cxx.o' failed
make[1]: *** [CMakeFiles/cmTC_dec22.dir/CheckSymbolExists.cxx.o] Error 1
make[1]: Leaving directory '/home/danicron/Documents/Code/openc2e/CMakeFiles/CMakeTmp'
Makefile:126: recipe for target 'cmTC_dec22/fast' failed
make: *** [cmTC_dec22/fast] Error 2

File /home/danicron/Documents/Code/openc2e/CMakeFiles/CMakeTmp/CheckSymbolExists.cxx:
/* */
#include <QtCore/qglobal.h>

int main(int argc, char** argv)
{
  (void)argv;
#ifndef Q_WS_MAC
  return ((int*)(&Q_WS_MAC))[argc];
#else
  (void)argc;
  return 0;
#endif
}

